<?xml version="1.0" encoding="UTF-8"?>
<!-- Generated by org.testng.reporters.JUnitReportReporter -->
<testsuite hostname="DESKTOP-2454980" failures="0" tests="5" name="com.employeeTest.EmployeeTest" time="5.492" errors="0" timestamp="2022-10-25T21:52:04 CDT" skipped="0">
  <testcase classname="com.employeeTest.EmployeeTest" name="fetchUser" time="0.821"/>
  <system-out/>
  <testcase classname="com.employeeTest.EmployeeTest" name="deleteWithZERO" time="1.346"/>
  <system-out/>
  <testcase classname="com.employeeTest.EmployeeTest" name="getEmployees" time="0.786"/>
  <system-out/>
  <testcase classname="com.employeeTest.EmployeeTest" name="createEmployee" time="1.944"/>
  <system-out/>
  <testcase classname="com.employeeTest.EmployeeTest" name="deleteEmployee" time="0.595"/>
  <system-out/>
</testsuite> <!-- com.employeeTest.EmployeeTest -->
